#
# There is insufficient memory for the Java Runtime Environment to continue.
# Native memory allocation (malloc) failed to allocate 32744 bytes for ChunkPool::allocate
# Possible reasons:
#   The system is out of physical RAM or swap space
#   The process is running with CompressedOops enabled, and the Java Heap may be blocking the growth of the native heap
# Possible solutions:
#   Reduce memory load on the system
#   Increase physical memory or swap space
#   Check if swap backing store is full
#   Decrease Java heap size (-Xmx/-Xms)
#   Decrease number of Java threads
Out of Memory Error (arena.cpp:79), pid=18052, tid=18196
#
# JRE version: Java(TM) SE Runtime Environment (16.0.2+7) (build 16.0.2+7-67)
# Java VM: Java HotSpot(TM) 64-Bit Server VM (16.0.2+7-67, mixed mode, sharing, tiered, compressed oops, compressed class ptrs, g1 gc, windows-amd64)
# No core dump will be written. Minidumps are not enabled by default on client versions of Windows
#

---------------  S U M M A R Y ------------

Command Line: -Dfile.encoding=Cp1252 -XX:+ShowCodeDetailsInExceptionMessages selenium.Demo

Host: Intel(R) Core(TM) i3-7020U CPU @ 2.30GHz, 4 cores, 3G,  Windows 10 , 64 bit Build 19041 (10.0.19041.1202)
Time: Sun Oct 17 21:49:08 2021 India Standard Time elapsed time: 12.496852 seconds (0d 0h 0m 12s)

---------------  T H R E A D  ---------------

Current thread (0x00000188218a4c50):  JavaThread "C1 CompilerThread0" daemon [_thread_in_native, id=18196, stack(0x0000002897700000,0x0000002897800000)]


Current CompileTask:
C1:  12497 1536       3       java.io.BufferedInputStream::fill (203 bytes)

Stack: [0x0000002897700000,0x0000002897800000]
Native frames: (J=compiled Java code, j=interpreted, Vv=VM code, C=native code)
V  [jvm.dll+0x6681ca]
V  [jvm.dll+0x7c9e69]
V  [jvm.dll+0x7cb61e]
V  [jvm.dll+0x7cbc73]
V  [jvm.dll+0x242c55]
V  [jvm.dll+0xae10f]
V  [jvm.dll+0xae45c]
V  [jvm.dll+0x157de7]
V  [jvm.dll+0x152f08]
V  [jvm.dll+0x14fecd]
V  [jvm.dll+0x14f6cf]
V  [jvm.dll+0x14f2e7]
V  [jvm.dll+0x14f11e]
V  [jvm.dll+0x132faf]
V  [jvm.dll+0x132aaa]
V  [jvm.dll+0x132c99]
V  [jvm.dll+0x1320ff]
V  [jvm.dll+0x133ec1]
V  [jvm.dll+0x225158]
V  [jvm.dll+0x22319c]
V  [jvm.dll+0x77fa62]
V  [jvm.dll+0x7795aa]
V  [jvm.dll+0x667066]
C  [ucrtbase.dll+0x21bb2]
C  [KERNEL32.DLL+0x17034]
C  [ntdll.dll+0x52651]


---------------  P R O C E S S  ---------------

Threads class SMR info:
_java_thread_list=0x000001882264cdb0, length=18, elements={
0x00000188067095f0, 0x00000188218151e0, 0x0000018821816490, 0x000001882182a660,
0x000001882182d080, 0x000001882182d990, 0x000001882182e2a0, 0x0000018821830fa0,
0x00000188218a4c50, 0x00000188218a7960, 0x0000018822458550, 0x00000188224641a0,
0x0000018822aee010, 0x0000018822ab5740, 0x0000018822ab5c60, 0x00000188218f8b90,
0x00000188227daa50, 0x00000188227daf70
}

Java Threads: ( => current thread )
  0x00000188067095f0 JavaThread "Forwarding newSession on session null to remote" [_thread_in_native, id=8336, stack(0x0000002896900000,0x0000002896a00000)]
  0x00000188218151e0 JavaThread "Reference Handler" daemon [_thread_blocked, id=14936, stack(0x0000002897000000,0x0000002897100000)]
  0x0000018821816490 JavaThread "Finalizer" daemon [_thread_blocked, id=2224, stack(0x0000002897100000,0x0000002897200000)]
  0x000001882182a660 JavaThread "Signal Dispatcher" daemon [_thread_blocked, id=18464, stack(0x0000002897200000,0x0000002897300000)]
  0x000001882182d080 JavaThread "Attach Listener" daemon [_thread_blocked, id=17900, stack(0x0000002897300000,0x0000002897400000)]
  0x000001882182d990 JavaThread "Service Thread" daemon [_thread_blocked, id=17596, stack(0x0000002897400000,0x0000002897500000)]
  0x000001882182e2a0 JavaThread "Monitor Deflation Thread" daemon [_thread_blocked, id=14312, stack(0x0000002897500000,0x0000002897600000)]
  0x0000018821830fa0 JavaThread "C2 CompilerThread0" daemon [_thread_in_native, id=17924, stack(0x0000002897600000,0x0000002897700000)]
=>0x00000188218a4c50 JavaThread "C1 CompilerThread0" daemon [_thread_in_native, id=18196, stack(0x0000002897700000,0x0000002897800000)]
  0x00000188218a7960 JavaThread "Sweeper thread" daemon [_thread_blocked, id=14408, stack(0x0000002897800000,0x0000002897900000)]
  0x0000018822458550 JavaThread "Notification Thread" daemon [_thread_blocked, id=3560, stack(0x0000002897900000,0x0000002897a00000)]
  0x00000188224641a0 JavaThread "Common-Cleaner" daemon [_thread_blocked, id=15568, stack(0x0000002897b00000,0x0000002897c00000)]
  0x0000018822aee010 JavaThread "Exec Default Executor" daemon [_thread_in_native, id=8428, stack(0x0000002898100000,0x0000002898200000)]
  0x0000018822ab5740 JavaThread "Exec Stream Pumper" daemon [_thread_in_native, id=18688, stack(0x0000002898300000,0x0000002898400000)]
  0x0000018822ab5c60 JavaThread "Exec Stream Pumper" daemon [_thread_in_native, id=1928, stack(0x0000002898400000,0x0000002898500000)]
  0x00000188218f8b90 JavaThread "ForkJoinPool.commonPool-worker-3" daemon [_thread_blocked, id=15460, stack(0x0000002898500000,0x0000002898600000)]
  0x00000188227daa50 JavaThread "OkHttp ConnectionPool" daemon [_thread_blocked, id=13388, stack(0x0000002898600000,0x0000002898700000)]
  0x00000188227daf70 JavaThread "Okio Watchdog" daemon [_thread_blocked, id=2740, stack(0x0000002898700000,0x0000002898800000)]

Other Threads:
  0x000001882180f0f0 VMThread "VM Thread" [stack: 0x0000002896f00000,0x0000002897000000] [id=15356]
  0x000001882245fea0 WatcherThread [stack: 0x0000002897a00000,0x0000002897b00000] [id=18332]
  0x0000018806738640 GCTaskThread "GC Thread#0" [stack: 0x0000002896a00000,0x0000002896b00000] [id=15612]
  0x0000018822a5c690 GCTaskThread "GC Thread#1" [stack: 0x0000002897c00000,0x0000002897d00000] [id=15304]
  0x0000018822a740e0 GCTaskThread "GC Thread#2" [stack: 0x0000002897d00000,0x0000002897e00000] [id=19428]
  0x0000018822a63500 GCTaskThread "GC Thread#3" [stack: 0x0000002897e00000,0x0000002897f00000] [id=1116]
  0x0000018806742420 ConcurrentGCThread "G1 Main Marker" [stack: 0x0000002896b00000,0x0000002896c00000] [id=6592]
  0x0000018806742e20 ConcurrentGCThread "G1 Conc#0" [stack: 0x0000002896c00000,0x0000002896d00000] [id=6152]
  0x0000018806791100 ConcurrentGCThread "G1 Refine#0" [stack: 0x0000002896d00000,0x0000002896e00000] [id=18880]
  0x0000018822a63810 ConcurrentGCThread "G1 Refine#1" [stack: 0x0000002897f00000,0x0000002898000000] [id=15748]
  0x0000018822a73d10 ConcurrentGCThread "G1 Refine#2" [stack: 0x0000002898000000,0x0000002898100000] [id=1244]
  0x0000018806792aa0 ConcurrentGCThread "G1 Service" [stack: 0x0000002896e00000,0x0000002896f00000] [id=18220]

Threads with active compile tasks:
C2 CompilerThread0    12581 1537  s    4       java.io.BufferedOutputStream::write (35 bytes)
C1 CompilerThread0    12581 1536       3       java.io.BufferedInputStream::fill (203 bytes)

VM state: not at safepoint (normal execution)

VM Mutex/Monitor currently owned by a thread: None

Heap address: 0x00000000c1400000, size: 1004 MB, Compressed Oops mode: 32-bit

CDS archive(s) mapped at: [0x0000000800000000-0x0000000800bb0000-0x0000000800bb0000), size 12255232, SharedBaseAddress: 0x0000000800000000, ArchiveRelocationMode: 0.
Compressed class space mapped at: 0x0000000800c00000-0x0000000840c00000, reserved size: 1073741824
Narrow klass base: 0x0000000800000000, Narrow klass shift: 3, Narrow klass range: 0x100000000

GC Precious Log:
 CPUs: 4 total, 4 available
 Memory: 4011M
 Large Page Support: Disabled
 NUMA Support: Disabled
 Compressed Oops: Enabled (32-bit)
 Heap Region Size: 1M
 Heap Min Capacity: 8M
 Heap Initial Capacity: 64M
 Heap Max Capacity: 1004M
 Pre-touch: Disabled
 Parallel Workers: 4
 Concurrent Workers: 1
 Concurrent Refinement Workers: 4
 Periodic GC: Disabled

Heap:
 garbage-first heap   total 65536K, used 10856K [0x00000000c1400000, 0x0000000100000000)
  region size 1024K, 8 young (8192K), 1 survivors (1024K)
 Metaspace       used 9192K, committed 9408K, reserved 1064960K
  class space    used 1082K, committed 1216K, reserved 1048576K

Heap Regions: E=young(eden), S=young(survivor), O=old, HS=humongous(starts), HC=humongous(continues), CS=collection set, F=free, OA=open archive, CA=closed archive, TAMS=top-at-mark-start (previous, next)
|   0|0x00000000c1400000, 0x00000000c1500000, 0x00000000c1500000|100%|HS|  |TAMS 0x00000000c1400000, 0x00000000c1400000| Complete 
|   1|0x00000000c1500000, 0x00000000c1600000, 0x00000000c1600000|100%| O|  |TAMS 0x00000000c1500000, 0x00000000c1500000| Untracked 
|   2|0x00000000c1600000, 0x00000000c1700000, 0x00000000c1700000|100%| O|  |TAMS 0x00000000c1600000, 0x00000000c1600000| Untracked 
|   3|0x00000000c1700000, 0x00000000c1800000, 0x00000000c1800000|100%| O|  |TAMS 0x00000000c1700000, 0x00000000c1700000| Untracked 
|   4|0x00000000c1800000, 0x00000000c18db800, 0x00000000c1900000| 85%| O|  |TAMS 0x00000000c1800000, 0x00000000c1800000| Untracked 
|   5|0x00000000c1900000, 0x00000000c1900000, 0x00000000c1a00000|  0%| F|  |TAMS 0x00000000c1900000, 0x00000000c1900000| Untracked 
|   6|0x00000000c1a00000, 0x00000000c1a00000, 0x00000000c1b00000|  0%| F|  |TAMS 0x00000000c1a00000, 0x00000000c1a00000| Untracked 
|   7|0x00000000c1b00000, 0x00000000c1b00000, 0x00000000c1c00000|  0%| F|  |TAMS 0x00000000c1b00000, 0x00000000c1b00000| Untracked 
|   8|0x00000000c1c00000, 0x00000000c1c00000, 0x00000000c1d00000|  0%| F|  |TAMS 0x00000000c1c00000, 0x00000000c1c00000| Untracked 
|   9|0x00000000c1d00000, 0x00000000c1d00000, 0x00000000c1e00000|  0%| F|  |TAMS 0x00000000c1d00000, 0x00000000c1d00000| Untracked 
|  10|0x00000000c1e00000, 0x00000000c1e00000, 0x00000000c1f00000|  0%| F|  |TAMS 0x00000000c1e00000, 0x00000000c1e00000| Untracked 
|  11|0x00000000c1f00000, 0x00000000c1f00000, 0x00000000c2000000|  0%| F|  |TAMS 0x00000000c1f00000, 0x00000000c1f00000| Untracked 
|  12|0x00000000c2000000, 0x00000000c2000000, 0x00000000c2100000|  0%| F|  |TAMS 0x00000000c2000000, 0x00000000c2000000| Untracked 
|  13|0x00000000c2100000, 0x00000000c2100000, 0x00000000c2200000|  0%| F|  |TAMS 0x00000000c2100000, 0x00000000c2100000| Untracked 
|  14|0x00000000c2200000, 0x00000000c2200000, 0x00000000c2300000|  0%| F|  |TAMS 0x00000000c2200000, 0x00000000c2200000| Untracked 
|  15|0x00000000c2300000, 0x00000000c2300000, 0x00000000c2400000|  0%| F|  |TAMS 0x00000000c2300000, 0x00000000c2300000| Untracked 
|  16|0x00000000c2400000, 0x00000000c2400000, 0x00000000c2500000|  0%| F|  |TAMS 0x00000000c2400000, 0x00000000c2400000| Untracked 
|  17|0x00000000c2500000, 0x00000000c2500000, 0x00000000c2600000|  0%| F|  |TAMS 0x00000000c2500000, 0x00000000c2500000| Untracked 
|  18|0x00000000c2600000, 0x00000000c2600000, 0x00000000c2700000|  0%| F|  |TAMS 0x00000000c2600000, 0x00000000c2600000| Untracked 
|  19|0x00000000c2700000, 0x00000000c2700000, 0x00000000c2800000|  0%| F|  |TAMS 0x00000000c2700000, 0x00000000c2700000| Untracked 
|  20|0x00000000c2800000, 0x00000000c2800000, 0x00000000c2900000|  0%| F|  |TAMS 0x00000000c2800000, 0x00000000c2800000| Untracked 
|  21|0x00000000c2900000, 0x00000000c2900000, 0x00000000c2a00000|  0%| F|  |TAMS 0x00000000c2900000, 0x00000000c2900000| Untracked 
|  22|0x00000000c2a00000, 0x00000000c2a00000, 0x00000000c2b00000|  0%| F|  |TAMS 0x00000000c2a00000, 0x00000000c2a00000| Untracked 
|  23|0x00000000c2b00000, 0x00000000c2b00000, 0x00000000c2c00000|  0%| F|  |TAMS 0x00000000c2b00000, 0x00000000c2b00000| Untracked 
|  24|0x00000000c2c00000, 0x00000000c2c00000, 0x00000000c2d00000|  0%| F|  |TAMS 0x00000000c2c00000, 0x00000000c2c00000| Untracked 
|  25|0x00000000c2d00000, 0x00000000c2d00000, 0x00000000c2e00000|  0%| F|  |TAMS 0x00000000c2d00000, 0x00000000c2d00000| Untracked 
|  26|0x00000000c2e00000, 0x00000000c2e00000, 0x00000000c2f00000|  0%| F|  |TAMS 0x00000000c2e00000, 0x00000000c2e00000| Untracked 
|  27|0x00000000c2f00000, 0x00000000c2f00000, 0x00000000c3000000|  0%| F|  |TAMS 0x00000000c2f00000, 0x00000000c2f00000| Untracked 
|  28|0x00000000c3000000, 0x00000000c3000000, 0x00000000c3100000|  0%| F|  |TAMS 0x00000000c3000000, 0x00000000c3000000| Untracked 
|  29|0x00000000c3100000, 0x00000000c3100000, 0x00000000c3200000|  0%| F|  |TAMS 0x00000000c3100000, 0x00000000c3100000| Untracked 
|  30|0x00000000c3200000, 0x00000000c3200000, 0x00000000c3300000|  0%| F|  |TAMS 0x00000000c3200000, 0x00000000c3200000| Untracked 
|  31|0x00000000c3300000, 0x00000000c3300000, 0x00000000c3400000|  0%| F|  |TAMS 0x00000000c3300000, 0x00000000c3300000| Untracked 
|  32|0x00000000c3400000, 0x00000000c3400000, 0x00000000c3500000|  0%| F|  |TAMS 0x00000000c3400000, 0x00000000c3400000| Untracked 
|  33|0x00000000c3500000, 0x00000000c3500000, 0x00000000c3600000|  0%| F|  |TAMS 0x00000000c3500000, 0x00000000c3500000| Untracked 
|  34|0x00000000c3600000, 0x00000000c3600000, 0x00000000c3700000|  0%| F|  |TAMS 0x00000000c3600000, 0x00000000c3600000| Untracked 
|  35|0x00000000c3700000, 0x00000000c3700000, 0x00000000c3800000|  0%| F|  |TAMS 0x00000000c3700000, 0x00000000c3700000| Untracked 
|  36|0x00000000c3800000, 0x00000000c3800000, 0x00000000c3900000|  0%| F|  |TAMS 0x00000000c3800000, 0x00000000c3800000| Untracked 
|  37|0x00000000c3900000, 0x00000000c3900000, 0x00000000c3a00000|  0%| F|  |TAMS 0x00000000c3900000, 0x00000000c3900000| Untracked 
|  38|0x00000000c3a00000, 0x00000000c3a00000, 0x00000000c3b00000|  0%| F|  |TAMS 0x00000000c3a00000, 0x00000000c3a00000| Untracked 
|  39|0x00000000c3b00000, 0x00000000c3b00000, 0x00000000c3c00000|  0%| F|  |TAMS 0x00000000c3b00000, 0x00000000c3b00000| Untracked 
|  40|0x00000000c3c00000, 0x00000000c3c00000, 0x00000000c3d00000|  0%| F|  |TAMS 0x00000000c3c00000, 0x00000000c3c00000| Untracked 
|  41|0x00000000c3d00000, 0x00000000c3d00000, 0x00000000c3e00000|  0%| F|  |TAMS 0x00000000c3d00000, 0x00000000c3d00000| Untracked 
|  42|0x00000000c3e00000, 0x00000000c3e00000, 0x00000000c3f00000|  0%| F|  |TAMS 0x00000000c3e00000, 0x00000000c3e00000| Untracked 
|  43|0x00000000c3f00000, 0x00000000c3f00000, 0x00000000c4000000|  0%| F|  |TAMS 0x00000000c3f00000, 0x00000000c3f00000| Untracked 
|  44|0x00000000c4000000, 0x00000000c4000000, 0x00000000c4100000|  0%| F|  |TAMS 0x00000000c4000000, 0x00000000c4000000| Untracked 
|  45|0x00000000c4100000, 0x00000000c4100000, 0x00000000c4200000|  0%| F|  |TAMS 0x00000000c4100000, 0x00000000c4100000| Untracked 
|  46|0x00000000c4200000, 0x00000000c4200000, 0x00000000c4300000|  0%| F|  |TAMS 0x00000000c4200000, 0x00000000c4200000| Untracked 
|  47|0x00000000c4300000, 0x00000000c4300000, 0x00000000c4400000|  0%| F|  |TAMS 0x00000000c4300000, 0x00000000c4300000| Untracked 
|  48|0x00000000c4400000, 0x00000000c4400000, 0x00000000c4500000|  0%| F|  |TAMS 0x00000000c4400000, 0x00000000c4400000| Untracked 
|  49|0x00000000c4500000, 0x00000000c4500000, 0x00000000c4600000|  0%| F|  |TAMS 0x00000000c4500000, 0x00000000c4500000| Untracked 
|  50|0x00000000c4600000, 0x00000000c4600000, 0x00000000c4700000|  0%| F|  |TAMS 0x00000000c4600000, 0x00000000c4600000| Untracked 
|  51|0x00000000c4700000, 0x00000000c4700000, 0x00000000c4800000|  0%| F|  |TAMS 0x00000000c4700000, 0x00000000c4700000| Untracked 
|  52|0x00000000c4800000, 0x00000000c4800000, 0x00000000c4900000|  0%| F|  |TAMS 0x00000000c4800000, 0x00000000c4800000| Untracked 
|  53|0x00000000c4900000, 0x00000000c4900000, 0x00000000c4a00000|  0%| F|  |TAMS 0x00000000c4900000, 0x00000000c4900000| Untracked 
|  54|0x00000000c4a00000, 0x00000000c4abea70, 0x00000000c4b00000| 74%| S|CS|TAMS 0x00000000c4a00000, 0x00000000c4a00000| Complete 
|  55|0x00000000c4b00000, 0x00000000c4b00000, 0x00000000c4c00000|  0%| F|  |TAMS 0x00000000c4b00000, 0x00000000c4b00000| Untracked 
|  56|0x00000000c4c00000, 0x00000000c4c00000, 0x00000000c4d00000|  0%| F|  |TAMS 0x00000000c4c00000, 0x00000000c4c00000| Untracked 
|  57|0x00000000c4d00000, 0x00000000c4da1df8, 0x00000000c4e00000| 63%| E|  |TAMS 0x00000000c4d00000, 0x00000000c4d00000| Complete 
|  58|0x00000000c4e00000, 0x00000000c4f00000, 0x00000000c4f00000|100%| E|CS|TAMS 0x00000000c4e00000, 0x00000000c4e00000| Complete 
|  59|0x00000000c4f00000, 0x00000000c5000000, 0x00000000c5000000|100%| E|  |TAMS 0x00000000c4f00000, 0x00000000c4f00000| Complete 
|  60|0x00000000c5000000, 0x00000000c5100000, 0x00000000c5100000|100%| E|CS|TAMS 0x00000000c5000000, 0x00000000c5000000| Complete 
|  61|0x00000000c5100000, 0x00000000c5200000, 0x00000000c5200000|100%| E|CS|TAMS 0x00000000c5100000, 0x00000000c5100000| Complete 
|  62|0x00000000c5200000, 0x00000000c5300000, 0x00000000c5300000|100%| E|CS|TAMS 0x00000000c5200000, 0x00000000c5200000| Complete 
|  63|0x00000000c5300000, 0x00000000c5400000, 0x00000000c5400000|100%| E|CS|TAMS 0x00000000c5300000, 0x00000000c5300000| Complete 

Card table byte_map: [0x000001881d090000,0x000001881d290000] _byte_map_base: 0x000001881ca86000

Marking Bits (Prev, Next): (CMBitMap*) 0x0000018806739c50, (CMBitMap*) 0x0000018806739c90
 Prev Bits: [0x000001881d490000, 0x000001881e440000)
 Next Bits: [0x000001881e440000, 0x000001881f3f0000)

Polling page: 0x0000018804650000

Metaspace:

Usage:
  Non-class:      7.92 MB used.
      Class:      1.06 MB used.
       Both:      8.98 MB used.

Virtual space:
  Non-class space:       16.00 MB reserved,       8.00 MB ( 50%) committed,  2 nodes.
      Class space:        1.00 GB reserved,       1.19 MB ( <1%) committed,  1 nodes.
              Both:        1.02 GB reserved,       9.19 MB ( <1%) committed. 

Chunk freelists:
   Non-Class:  3.38 MB
       Class:  2.86 MB
        Both:  6.23 MB

MaxMetaspaceSize: 17179869184.00 GB
CompressedClassSpaceSize: 1.00 GB
 - commit_granule_bytes: 65536.
 - commit_granule_words: 8192.
 - virtual_space_node_default_size: 1048576.
 - enlarge_chunks_in_place: 1.
 - new_chunks_are_fully_committed: 0.
 - uncommit_free_chunks: 1.
 - use_allocation_guard: 0.
 - handle_deallocations: 1.


Internal statistics:

num_allocs_failed_limit: 0.
num_arena_births: 92.
num_arena_deaths: 0.
num_vsnodes_births: 3.
num_vsnodes_deaths: 0.
num_space_committed: 147.
num_space_uncommitted: 0.
num_chunks_returned_to_freelist: 0.
num_chunks_taken_from_freelist: 292.
num_chunk_merges: 0.
num_chunk_splits: 188.
num_chunks_enlarged: 136.
num_purges: 0.

CodeHeap 'non-profiled nmethods': size=120000Kb used=447Kb max_used=447Kb free=119552Kb
 bounds [0x0000018815960000, 0x0000018815bd0000, 0x000001881ce90000]
CodeHeap 'profiled nmethods': size=120000Kb used=2957Kb max_used=2957Kb free=117042Kb
 bounds [0x000001880e430000, 0x000001880e720000, 0x0000018815960000]
CodeHeap 'non-nmethods': size=5760Kb used=1206Kb max_used=1220Kb free=4554Kb
 bounds [0x000001880de90000, 0x000001880e100000, 0x000001880e430000]
 total_blobs=2033 nmethods=1534 adapters=411
 compilation: enabled
              stopped_count=0, restarted_count=0
 full_count=0

Compilation events (20 events):
Event: 5.974 Thread 0x00000188218a4c50 nmethod 1523 0x000001880e70ed10 code [0x000001880e70f020, 0x000001880e70ffd8]
Event: 5.976 Thread 0x0000018821830fa0 1525       4       sun.net.www.ParseUtil::firstEncodeIndex (86 bytes)
Event: 5.982 Thread 0x0000018821830fa0 nmethod 1525 0x00000188159cf190 code [0x00000188159cf320, 0x00000188159cf508]
Event: 6.053 Thread 0x00000188218a4c50 1526       3       java.lang.Enum::hashCode (5 bytes)
Event: 6.053 Thread 0x00000188218a4c50 nmethod 1526 0x000001880e710910 code [0x000001880e710ac0, 0x000001880e710c08]
Event: 6.169 Thread 0x00000188218a4c50 1527       3       org.openqa.selenium.io.MultiOutputStream::write (24 bytes)
Event: 6.170 Thread 0x00000188218a4c50 nmethod 1527 0x000001880e710c90 code [0x000001880e710e40, 0x000001880e711138]
Event: 6.170 Thread 0x00000188218a4c50 1528  s    3       org.openqa.selenium.io.CircularOutputStream::write (87 bytes)
Event: 6.170 Thread 0x00000188218a4c50 nmethod 1528 0x000001880e711290 code [0x000001880e711440, 0x000001880e711758]
Event: 6.170 Thread 0x00000188218a4c50 1529   !   3       java.io.PrintStream::write (66 bytes)
Event: 6.171 Thread 0x00000188218a4c50 nmethod 1529 0x000001880e711890 code [0x000001880e711ac0, 0x000001880e7121d8]
Event: 12.179 Thread 0x00000188218a4c50 1530  s    3       java.io.BufferedOutputStream::write (35 bytes)
Event: 12.179 Thread 0x00000188218a4c50 nmethod 1530 0x000001880e712510 code [0x000001880e7126e0, 0x000001880e712aa8]
Event: 12.471 Thread 0x00000188218a4c50 1532       3       java.io.FileInputStream::read (8 bytes)
Event: 12.471 Thread 0x00000188218a4c50 nmethod 1532 0x000001880e712c10 code [0x000001880e712dc0, 0x000001880e712f08]
Event: 12.472 Thread 0x00000188218a4c50 1533       3       java.io.BufferedInputStream::getInIfOpen (21 bytes)
Event: 12.472 Thread 0x00000188218a4c50 nmethod 1533 0x000001880e712f90 code [0x000001880e713140, 0x000001880e713368]
Event: 12.472 Thread 0x00000188218a4c50 1534       3       java.io.FileInputStream::available (5 bytes)
Event: 12.472 Thread 0x00000188218a4c50 nmethod 1534 0x000001880e713410 code [0x000001880e7135c0, 0x000001880e713708]
Event: 12.472 Thread 0x00000188218a4c50 1536       3       java.io.BufferedInputStream::fill (203 bytes)

GC Heap History (4 events):
Event: 3.535 GC heap before
{Heap before GC invocations=0 (full 0):
 garbage-first heap   total 65536K, used 14336K [0x00000000c1400000, 0x0000000100000000)
  region size 1024K, 13 young (13312K), 0 survivors (0K)
 Metaspace       used 5233K, committed 5440K, reserved 1056768K
  class space    used 565K, committed 704K, reserved 1048576K
}
Event: 3.552 GC heap after
{Heap after GC invocations=1 (full 0):
 garbage-first heap   total 65536K, used 4848K [0x00000000c1400000, 0x0000000100000000)
  region size 1024K, 2 young (2048K), 2 survivors (2048K)
 Metaspace       used 5233K, committed 5440K, reserved 1056768K
  class space    used 565K, committed 704K, reserved 1048576K
}
Event: 5.603 GC heap before
{Heap before GC invocations=1 (full 0):
 garbage-first heap   total 65536K, used 14064K [0x00000000c1400000, 0x0000000100000000)
  region size 1024K, 11 young (11264K), 2 survivors (2048K)
 Metaspace       used 7467K, committed 7616K, reserved 1056768K
  class space    used 843K, committed 896K, reserved 1048576K
}
Event: 5.611 GC heap after
{Heap after GC invocations=2 (full 0):
 garbage-first heap   total 65536K, used 5736K [0x00000000c1400000, 0x0000000100000000)
  region size 1024K, 1 young (1024K), 1 survivors (1024K)
 Metaspace       used 7467K, committed 7616K, reserved 1056768K
  class space    used 843K, committed 896K, reserved 1048576K
}

Deoptimization events (20 events):
Event: 3.674 Thread 0x00000188067095f0 Uncommon trap: trap_request=0xffffff45 fr.pc=0x00000188159812dc relative=0x000000000000033c
Event: 3.674 Thread 0x00000188067095f0 Uncommon trap: reason=unstable_if action=reinterpret pc=0x00000188159812dc method=java.lang.StringUTF16.compress([CI[BII)I @ 20 c2
Event: 3.674 Thread 0x00000188067095f0 DEOPT PACKING pc=0x00000188159812dc sp=0x00000028969fcb20
Event: 3.674 Thread 0x00000188067095f0 DEOPT UNPACKING pc=0x000001880dedd72e sp=0x00000028969fcaa0 mode 2
Event: 3.789 Thread 0x00000188067095f0 Uncommon trap: trap_request=0xffffff45 fr.pc=0x000001881598d628 relative=0x0000000000000108
Event: 3.789 Thread 0x00000188067095f0 Uncommon trap: reason=unstable_if action=reinterpret pc=0x000001881598d628 method=java.lang.CharacterDataLatin1.digit(II)I @ 12 c2
Event: 3.789 Thread 0x00000188067095f0 DEOPT PACKING pc=0x000001881598d628 sp=0x00000028969feea0
Event: 3.789 Thread 0x00000188067095f0 DEOPT UNPACKING pc=0x000001880dedd72e sp=0x00000028969fed58 mode 2
Event: 3.792 Thread 0x00000188067095f0 Uncommon trap: trap_request=0xffffff45 fr.pc=0x000001881598da48 relative=0x00000000000000a8
Event: 3.792 Thread 0x00000188067095f0 Uncommon trap: reason=unstable_if action=reinterpret pc=0x000001881598da48 method=java.lang.CharacterDataLatin1.digit(II)I @ 12 c2
Event: 3.792 Thread 0x00000188067095f0 DEOPT PACKING pc=0x000001881598da48 sp=0x00000028969fee00
Event: 3.792 Thread 0x00000188067095f0 DEOPT UNPACKING pc=0x000001880dedd72e sp=0x00000028969fed78 mode 2
Event: 5.967 Thread 0x00000188067095f0 Uncommon trap: trap_request=0xffffff45 fr.pc=0x00000188159b09a8 relative=0x0000000000000208
Event: 5.967 Thread 0x00000188067095f0 Uncommon trap: reason=unstable_if action=reinterpret pc=0x00000188159b09a8 method=java.net.URI$Parser.scan(IIJJ)I @ 42 c2
Event: 5.967 Thread 0x00000188067095f0 DEOPT PACKING pc=0x00000188159b09a8 sp=0x00000028969fd570
Event: 5.967 Thread 0x00000188067095f0 DEOPT UNPACKING pc=0x000001880dedd72e sp=0x00000028969fd4f0 mode 2
Event: 5.999 Thread 0x00000188067095f0 Uncommon trap: trap_request=0xffffff45 fr.pc=0x00000188159b14b4 relative=0x0000000000000294
Event: 5.999 Thread 0x00000188067095f0 Uncommon trap: reason=unstable_if action=reinterpret pc=0x00000188159b14b4 method=java.net.URI$Parser.scan(IILjava/lang/String;)I @ 26 c2
Event: 5.999 Thread 0x00000188067095f0 DEOPT PACKING pc=0x00000188159b14b4 sp=0x00000028969fe6b0
Event: 5.999 Thread 0x00000188067095f0 DEOPT UNPACKING pc=0x000001880dedd72e sp=0x00000028969fe640 mode 2

Classes unloaded (0 events):
No events

Classes redefined (0 events):
No events

Internal exceptions (20 events):
Event: 5.370 Thread 0x00000188067095f0 Exception <a 'java/net/SocketException'{0x00000000c4d227b8}: Socket is not connected: shutdown> (0x00000000c4d227b8) 
thrown [t:\workspace\open\src\hotspot\share\prims\jni.cpp, line 600]
Event: 5.371 Thread 0x00000188067095f0 Exception <a 'java/net/ConnectException'{0x00000000c4d23018}: Connection refused: no further information> (0x00000000c4d23018) 
thrown [t:\workspace\open\src\hotspot\share\prims\jni.cpp, line 600]
Event: 5.371 Thread 0x00000188067095f0 Exception <a 'java/net/SocketException'{0x00000000c4d23350}: Socket is not connected: shutdown> (0x00000000c4d23350) 
thrown [t:\workspace\open\src\hotspot\share\prims\jni.cpp, line 600]
Event: 5.371 Thread 0x00000188067095f0 Exception <a 'java/net/ConnectException'{0x00000000c4d23bb0}: Connection refused: no further information> (0x00000000c4d23bb0) 
thrown [t:\workspace\open\src\hotspot\share\prims\jni.cpp, line 600]
Event: 5.371 Thread 0x00000188067095f0 Exception <a 'java/net/SocketException'{0x00000000c4d23ee8}: Socket is not connected: shutdown> (0x00000000c4d23ee8) 
thrown [t:\workspace\open\src\hotspot\share\prims\jni.cpp, line 600]
Event: 5.387 Thread 0x00000188067095f0 Exception <a 'java/net/ConnectException'{0x00000000c4d24748}: Connection refused: no further information> (0x00000000c4d24748) 
thrown [t:\workspace\open\src\hotspot\share\prims\jni.cpp, line 600]
Event: 5.387 Thread 0x00000188067095f0 Exception <a 'java/net/SocketException'{0x00000000c4d24a80}: Socket is not connected: shutdown> (0x00000000c4d24a80) 
thrown [t:\workspace\open\src\hotspot\share\prims\jni.cpp, line 600]
Event: 5.422 Thread 0x00000188067095f0 Exception <a 'java/lang/NoSuchMethodError'{0x00000000c4d953b8}: 'java.lang.Object java.lang.invoke.DirectMethodHandle$Holder.invokeInterface(java.lang.Object, java.lang.Object, java.lang.Object)'> (0x00000000c4d953b8) 
thrown [t:\workspace\open\src\hotspot\share\interpreter\linkResolver.cpp, line 790]
Event: 5.423 Thread 0x00000188067095f0 Exception <a 'java/lang/IncompatibleClassChangeError'{0x00000000c4d98e70}: Found class java.lang.Object, but interface was expected> (0x00000000c4d98e70) 
thrown [t:\workspace\open\src\hotspot\share\interpreter\linkResolver.cpp, line 857]
Event: 5.425 Thread 0x00000188067095f0 Exception <a 'java/lang/NoSuchMethodError'{0x00000000c4d9e868}: 'int java.lang.invoke.DirectMethodHandle$Holder.invokeSpecial(java.lang.Object, java.lang.Object, java.lang.Object)'> (0x00000000c4d9e868) 
thrown [t:\workspace\open\src\hotspot\share\interpreter\linkResolver.cpp, line 790]
Event: 5.427 Thread 0x00000188067095f0 Exception <a 'java/lang/NoSuchMethodError'{0x00000000c4da5448}: 'int java.lang.invoke.DirectMethodHandle$Holder.invokeSpecialIFC(java.lang.Object, java.lang.Object, java.lang.Object, java.lang.Object)'> (0x00000000c4da5448) 
thrown [t:\workspace\open\src\hotspot\share\interpreter\linkResolver.cpp, line 790]
Event: 5.461 Thread 0x00000188067095f0 Exception <a 'java/lang/NoSuchMethodError'{0x00000000c4c02530}: 'double java.lang.invoke.DirectMethodHandle$Holder.invokeVirtual(java.lang.Object, java.lang.Object)'> (0x00000000c4c02530) 
thrown [t:\workspace\open\src\hotspot\share\interpreter\linkResolver.cpp, line 790]
Event: 5.463 Thread 0x00000188067095f0 Exception <a 'java/lang/NoSuchMethodError'{0x00000000c4c08d48}: 'float java.lang.invoke.DirectMethodHandle$Holder.invokeVirtual(java.lang.Object, java.lang.Object)'> (0x00000000c4c08d48) 
thrown [t:\workspace\open\src\hotspot\share\interpreter\linkResolver.cpp, line 790]
Event: 5.465 Thread 0x00000188067095f0 Exception <a 'java/lang/NoSuchMethodError'{0x00000000c4c11f40}: 'long java.lang.invoke.DirectMethodHandle$Holder.invokeVirtual(java.lang.Object, java.lang.Object)'> (0x00000000c4c11f40) 
thrown [t:\workspace\open\src\hotspot\share\interpreter\linkResolver.cpp, line 790]
Event: 5.476 Thread 0x00000188067095f0 Exception <a 'java/lang/NoSuchMethodError'{0x00000000c4c3b278}: 'java.lang.Object java.lang.invoke.DirectMethodHandle$Holder.invokeVirtual(java.lang.Object, java.lang.Object, java.lang.Object)'> (0x00000000c4c3b278) 
thrown [t:\workspace\open\src\hotspot\share\interpreter\linkResolver.cpp, line 790]
Event: 5.558 Thread 0x00000188067095f0 Exception <a 'java/lang/NoSuchMethodError'{0x00000000c4b583a0}: 'void java.lang.invoke.DirectMethodHandle$Holder.invokeSpecial(java.lang.Object, java.lang.Object, java.lang.Object, java.lang.Object, java.lang.Object)'> (0x00000000c4b583a0) 
thrown [t:\workspace\open\src\hotspot\share\interpreter\linkResolver.cpp, line 790]
Event: 5.615 Thread 0x00000188067095f0 Exception <a 'java/lang/NoSuchMethodError'{0x00000000c5315040}: 'java.lang.Object java.lang.invoke.DirectMethodHandle$Holder.newInvokeSpecial(java.lang.Object, java.lang.Object, java.lang.Object, java.lang.Object, java.lang.Object)'> (0x00000000c5315040) 
thrown [t:\workspace\open\src\hotspot\share\interpreter\linkResolver.cpp, line 790]
Event: 5.695 Thread 0x00000188067095f0 Exception <a 'java/lang/NoSuchMethodError'{0x00000000c5289a50}: 'java.lang.Object java.lang.invoke.Invokers$Holder.invokeExact_MT(java.lang.Object, java.lang.Object, java.lang.Object, java.lang.Object, java.lang.Object, java.lang.Object)'> (0x00000000c5289a50) 
thrown [t:\workspace\open\src\hotspot\share\interpreter\linkResolver.cpp, line 790]
Event: 5.713 Thread 0x00000188067095f0 Exception <a 'java/lang/NoSuchMethodError'{0x00000000c52bc240}: 'void java.lang.invoke.DirectMethodHandle$Holder.invokeInterface(java.lang.Object, java.lang.Object, java.lang.Object)'> (0x00000000c52bc240) 
thrown [t:\workspace\open\src\hotspot\share\interpreter\linkResolver.cpp, line 790]
Event: 5.962 Thread 0x00000188067095f0 Exception <a 'java/lang/NoSuchMethodError'{0x00000000c4e36b78}: 'void java.lang.invoke.DirectMethodHandle$Holder.invokeStatic(java.lang.Object, java.lang.Object, java.lang.Object, java.lang.Object)'> (0x00000000c4e36b78) 
thrown [t:\workspace\open\src\hotspot\share\interpreter\linkResolver.cpp, line 790]

Events (20 events):
Event: 6.031 loading class java/net/UnknownServiceException
Event: 6.031 loading class java/net/UnknownServiceException done
Event: 6.040 loading class java/net/Socket$SocketInputStream
Event: 6.041 loading class java/net/Socket$SocketInputStream done
Event: 6.041 loading class sun/nio/ch/NioSocketImpl$1
Event: 6.042 loading class sun/nio/ch/NioSocketImpl$1 done
Event: 6.049 loading class java/net/Socket$SocketOutputStream
Event: 6.049 loading class java/net/Socket$SocketOutputStream done
Event: 6.049 loading class sun/nio/ch/NioSocketImpl$2
Event: 6.050 loading class sun/nio/ch/NioSocketImpl$2 done
Event: 6.053 loading class java/util/concurrent/ThreadPoolExecutor$Worker
Event: 6.053 loading class java/util/concurrent/ThreadPoolExecutor$Worker done
Event: 6.053 loading class java/lang/Thread$State
Event: 6.053 loading class java/lang/Thread$State done
Event: 6.053 Thread 0x00000188227daa50 Thread added: 0x00000188227daa50
Event: 6.058 Thread 0x00000188227daf70 Thread added: 0x00000188227daf70
Event: 6.617 Executing  VM operation: Cleanup
Event: 6.617 Executing  VM operation: Cleanup done
Event: 8.639 Executing  VM operation: Cleanup
Event: 8.640 Executing  VM operation: Cleanup done


Dynamic libraries:
0x00007ff7b2650000 - 0x00007ff7b2660000 	C:\Program Files\Java\jdk-16.0.2\bin\javaw.exe
0x00007ffee3650000 - 0x00007ffee3845000 	C:\WINDOWS\SYSTEM32\ntdll.dll
0x00007ffee1980000 - 0x00007ffee1a3e000 	C:\WINDOWS\System32\KERNEL32.DLL
0x00007ffee12d0000 - 0x00007ffee1599000 	C:\WINDOWS\System32\KERNELBASE.dll
0x00007ffee15a0000 - 0x00007ffee16a0000 	C:\WINDOWS\System32\ucrtbase.dll
0x00007ffedb950000 - 0x00007ffedb968000 	C:\Program Files\Java\jdk-16.0.2\bin\jli.dll
0x00007ffee24e0000 - 0x00007ffee258c000 	C:\WINDOWS\System32\ADVAPI32.dll
0x00007ffee2d10000 - 0x00007ffee2dae000 	C:\WINDOWS\System32\msvcrt.dll
0x00007ffee1bd0000 - 0x00007ffee1c6b000 	C:\WINDOWS\System32\sechost.dll
0x00007ffee1c70000 - 0x00007ffee1d9a000 	C:\WINDOWS\System32\RPCRT4.dll
0x00007ffee3430000 - 0x00007ffee35d1000 	C:\WINDOWS\System32\USER32.dll
0x00007ffee0fa0000 - 0x00007ffee0fc2000 	C:\WINDOWS\System32\win32u.dll
0x00007ffee35e0000 - 0x00007ffee360b000 	C:\WINDOWS\System32\GDI32.dll
0x00007ffee0df0000 - 0x00007ffee0efb000 	C:\WINDOWS\System32\gdi32full.dll
0x00007ffee0f00000 - 0x00007ffee0f9d000 	C:\WINDOWS\System32\msvcp_win.dll
0x00007ffedb9e0000 - 0x00007ffedbc7a000 	C:\WINDOWS\WinSxS\amd64_microsoft.windows.common-controls_6595b64144ccf1df_6.0.19041.1110_none_60b5254171f9507e\COMCTL32.dll
0x00007ffedada0000 - 0x00007ffedadaa000 	C:\WINDOWS\SYSTEM32\VERSION.dll
0x00007ffedbdb0000 - 0x00007ffedbdc9000 	C:\Program Files\Java\jdk-16.0.2\bin\VCRUNTIME140.dll
0x00007ffee2ce0000 - 0x00007ffee2d10000 	C:\WINDOWS\System32\IMM32.DLL
0x00007ffedb8f0000 - 0x00007ffedb8fc000 	C:\Program Files\Java\jdk-16.0.2\bin\vcruntime140_1.dll
0x00007ffe960c0000 - 0x00007ffe96151000 	C:\Program Files\Java\jdk-16.0.2\bin\msvcp140.dll
0x00007ffe91a10000 - 0x00007ffe925bb000 	C:\Program Files\Java\jdk-16.0.2\bin\server\jvm.dll
0x00007ffee18c0000 - 0x00007ffee18c8000 	C:\WINDOWS\System32\PSAPI.DLL
0x00007ffedb8a0000 - 0x00007ffedb8a9000 	C:\WINDOWS\SYSTEM32\WSOCK32.dll
0x00007ffee1a40000 - 0x00007ffee1aab000 	C:\WINDOWS\System32\WS2_32.dll
0x00007ffecbe80000 - 0x00007ffecbea7000 	C:\WINDOWS\SYSTEM32\WINMM.dll
0x00007ffedf5d0000 - 0x00007ffedf5e2000 	C:\WINDOWS\SYSTEM32\kernel.appcore.dll
0x00007ffedb750000 - 0x00007ffedb75a000 	C:\Program Files\Java\jdk-16.0.2\bin\jimage.dll
0x00007ffedeb50000 - 0x00007ffeded34000 	C:\WINDOWS\SYSTEM32\DBGHELP.DLL
0x00007ffed8bb0000 - 0x00007ffed8bdc000 	C:\WINDOWS\SYSTEM32\dbgcore.DLL
0x00007ffee1130000 - 0x00007ffee11b3000 	C:\WINDOWS\System32\bcryptPrimitives.dll
0x00007ffed60e0000 - 0x00007ffed6105000 	C:\Program Files\Java\jdk-16.0.2\bin\java.dll
0x00007ffee1da0000 - 0x00007ffee24df000 	C:\WINDOWS\System32\SHELL32.dll
0x00007ffedee30000 - 0x00007ffedf5c0000 	C:\WINDOWS\SYSTEM32\windows.storage.dll
0x00007ffee30d0000 - 0x00007ffee3425000 	C:\WINDOWS\System32\combase.dll
0x00007ffee06f0000 - 0x00007ffee071c000 	C:\WINDOWS\SYSTEM32\Wldp.dll
0x00007ffee18d0000 - 0x00007ffee197d000 	C:\WINDOWS\System32\SHCORE.dll
0x00007ffee1720000 - 0x00007ffee1775000 	C:\WINDOWS\System32\shlwapi.dll
0x00007ffee0cb0000 - 0x00007ffee0ccf000 	C:\WINDOWS\SYSTEM32\profapi.dll
0x00007ffedb5f0000 - 0x00007ffedb609000 	C:\Program Files\Java\jdk-16.0.2\bin\net.dll
0x00007ffed7b10000 - 0x00007ffed7c18000 	C:\WINDOWS\SYSTEM32\WINHTTP.dll
0x00007ffee0450000 - 0x00007ffee04ba000 	C:\WINDOWS\system32\mswsock.dll
0x00007ffed8790000 - 0x00007ffed87a3000 	C:\Program Files\Java\jdk-16.0.2\bin\nio.dll
0x00007ffed5670000 - 0x00007ffed5688000 	C:\Program Files\Java\jdk-16.0.2\bin\zip.dll
0x00007ffee0180000 - 0x00007ffee024c000 	C:\WINDOWS\SYSTEM32\DNSAPI.dll
0x00007ffee0140000 - 0x00007ffee017b000 	C:\WINDOWS\SYSTEM32\IPHLPAPI.DLL
0x00007ffee1bb0000 - 0x00007ffee1bb8000 	C:\WINDOWS\System32\NSI.dll
0x00007ffed72a0000 - 0x00007ffed72aa000 	C:\Windows\System32\rasadhlp.dll
0x00007ffed72c0000 - 0x00007ffed733f000 	C:\WINDOWS\System32\fwpuclnt.dll
0x00007ffee0d70000 - 0x00007ffee0d97000 	C:\WINDOWS\System32\bcrypt.dll
0x00007ffedbff0000 - 0x00007ffedbffe000 	C:\Program Files\Java\jdk-16.0.2\bin\sunmscapi.dll
0x00007ffee0fd0000 - 0x00007ffee1126000 	C:\WINDOWS\System32\CRYPT32.dll
0x00007ffee0760000 - 0x00007ffee0787000 	C:\WINDOWS\SYSTEM32\ncrypt.dll
0x00007ffee0720000 - 0x00007ffee075b000 	C:\WINDOWS\SYSTEM32\NTASN1.dll
0x00007ffee0650000 - 0x00007ffee0668000 	C:\WINDOWS\SYSTEM32\CRYPTSP.dll
0x00007ffedfdd0000 - 0x00007ffedfe04000 	C:\WINDOWS\system32\rsaenh.dll
0x00007ffee0c30000 - 0x00007ffee0c5e000 	C:\WINDOWS\SYSTEM32\USERENV.dll
0x00007ffee0640000 - 0x00007ffee064c000 	C:\WINDOWS\SYSTEM32\CRYPTBASE.dll
0x00007ffed9490000 - 0x00007ffed94a7000 	C:\WINDOWS\SYSTEM32\dhcpcsvc6.DLL
0x00007ffed9f00000 - 0x00007ffed9f1d000 	C:\WINDOWS\SYSTEM32\dhcpcsvc.DLL
0x00007ffedb690000 - 0x00007ffedb6a0000 	C:\Program Files\Java\jdk-16.0.2\bin\verify.dll

dbghelp: loaded successfully - version: 4.0.5 - missing functions: none
symbol engine: initialized successfully - sym options: 0x614 - pdb path: .;C:\Program Files\Java\jdk-16.0.2\bin;C:\WINDOWS\SYSTEM32;C:\WINDOWS\WinSxS\amd64_microsoft.windows.common-controls_6595b64144ccf1df_6.0.19041.1110_none_60b5254171f9507e;C:\Program Files\Java\jdk-16.0.2\bin\server

VM Arguments:
jvm_args: -Dfile.encoding=Cp1252 -XX:+ShowCodeDetailsInExceptionMessages 
java_command: selenium.Demo
java_class_path (initial): C:\Users\91877\eclipse-workspace\Introduction\bin;C:\Users\91877\Downloads\selenium-java-3.141.59 (2)\client-combined-3.141.59.jar;C:\Users\91877\Downloads\selenium-java-3.141.59 (2)\client-combined-3.141.59-sources.jar;C:\Users\91877\Downloads\selenium-java-3.141.59 (2)\libs\byte-buddy-1.8.15.jar;C:\Users\91877\Downloads\selenium-java-3.141.59 (2)\libs\commons-exec-1.3.jar;C:\Users\91877\Downloads\selenium-java-3.141.59 (2)\libs\guava-25.0-jre.jar;C:\Users\91877\Downloads\selenium-java-3.141.59 (2)\libs\okhttp-3.11.0.jar;C:\Users\91877\Downloads\selenium-java-3.141.59 (2)\libs\okio-1.14.0.jar;C:\Users\91877\Downloads\selenium-server-standalone-3.141.59.jar;C:\Users\91877\Downloads\testng-6.7.jar
Launcher Type: SUN_STANDARD

[Global flags]
     intx CICompilerCount                          = 3                                         {product} {ergonomic}
     uint ConcGCThreads                            = 1                                         {product} {ergonomic}
     uint G1ConcRefinementThreads                  = 4                                         {product} {ergonomic}
   size_t G1HeapRegionSize                         = 1048576                                   {product} {ergonomic}
    uintx GCDrainStackTargetSize                   = 64                                        {product} {ergonomic}
   size_t InitialHeapSize                          = 67108864                                  {product} {ergonomic}
   size_t MarkStackSize                            = 4194304                                   {product} {ergonomic}
   size_t MaxHeapSize                              = 1052770304                                {product} {ergonomic}
   size_t MaxNewSize                               = 631242752                                 {product} {ergonomic}
   size_t MinHeapDeltaBytes                        = 1048576                                   {product} {ergonomic}
   size_t MinHeapSize                              = 8388608                                   {product} {ergonomic}
    uintx NonNMethodCodeHeapSize                   = 5832780                                {pd product} {ergonomic}
    uintx NonProfiledCodeHeapSize                  = 122912730                              {pd product} {ergonomic}
    uintx ProfiledCodeHeapSize                     = 122912730                              {pd product} {ergonomic}
    uintx ReservedCodeCacheSize                    = 251658240                              {pd product} {ergonomic}
     bool SegmentedCodeCache                       = true                                      {product} {ergonomic}
     bool ShowCodeDetailsInExceptionMessages       = true                                   {manageable} {command line}
   size_t SoftMaxHeapSize                          = 1052770304                             {manageable} {ergonomic}
     bool UseCompressedClassPointers               = true                           {product lp64_product} {ergonomic}
     bool UseCompressedOops                        = true                           {product lp64_product} {ergonomic}
     bool UseG1GC                                  = true                                      {product} {ergonomic}
     bool UseLargePagesIndividualAllocation        = false                                  {pd product} {ergonomic}

Logging:
Log output configuration:
 #0: stdout all=warning uptime,level,tags
 #1: stderr all=off uptime,level,tags

Environment Variables:
JAVA_HOME=C:\Program Files\Java\jdk-16.0.2
PATH=C:\Program Files\Common Files\Oracle\Java\javapath;C:\Python39\Scripts\;C:\Python39\;C:\WINDOWS\system32;C:\WINDOWS;C:\WINDOWS\System32\Wbem;C:\WINDOWS\System32\WindowsPowerShell\v1.0\;C:\WINDOWS\System32\OpenSSH\;C:\Program Files (x86)\Intel\Intel(R) Management Engine Components\DAL;C:\Program Files\Intel\Intel(R) Management Engine Components\DAL;C:\Program Files (x86)\Intel\Intel(R) Management Engine Components\IPT;C:\Program Files\Intel\Intel(R) Management Engine Components\IPT;C:\Program Files\Microsoft SQL Server\Client SDK\ODBC\130\Tools\Binn\;C:\Program Files (x86)\Microsoft SQL Server\140\Tools\Binn\;C:\Program Files\Microsoft SQL Server\140\Tools\Binn\;C:\Program Files\Microsoft SQL Server\140\DTS\Binn\;C:\Program Files\Microsoft SQL Server\Client SDK\ODBC\170\Tools\Binn\;C:\Program Files (x86)\Microsoft SQL Server\150\Tools\Binn\;C:\Program Files\Microsoft SQL Server\150\Tools\Binn\;C:\Program Files\Microsoft SQL Server\150\DTS\Binn\;C:\ProgramData\chocolatey\bin;C:\Program Files\Dart\dart-sdk\bin;C:\Users\91877\AppData\Local\Android\Sdk\cmdline-tools\tools\bin;C:\Program Files\Java\jdk-16.0.2\bin;C:\Program Files (x86)\Microsoft SQL Server\150\DTS\Binn\;C:\Program Files\Azure Data Studio\bin;C:\Program Files\Azure Data Studio\bin;C:\Users\91877\AppData\Local\GitHubDesktop\bin
USERNAME=91877
OS=Windows_NT
PROCESSOR_IDENTIFIER=Intel64 Family 6 Model 142 Stepping 9, GenuineIntel



---------------  S Y S T E M  ---------------

OS:
 Windows 10 , 64 bit Build 19041 (10.0.19041.1202)
OS uptime: 2 days 13:07 hours

CPU: total 4 (initial active 4) (2 cores per cpu, 2 threads per core) family 6 model 142 stepping 9 microcode 0xb4, cx8, cmov, fxsr, ht, mmx, 3dnowpref, sse, sse2, sse3, ssse3, sse4.1, sse4.2, popcnt, lzcnt, tsc, tscinvbit, avx, avx2, aes, erms, clmul, bmi1, bmi2, adx, fma, vzeroupper, clflush, clflushopt

Memory: 4k page, system-wide physical 4011M (245M free)
TotalPageFile size 12011M (AvailPageFile size 21M)
current process WorkingSet (physical memory assigned to process): 62M, peak: 71M
current process commit charge ("private bytes"): 147M, peak: 149M

vm_info: Java HotSpot(TM) 64-Bit Server VM (16.0.2+7-67) for windows-amd64 JRE (16.0.2+7-67), built on Jun  8 2021 23:24:19 by "mach5one" with MS VC++ 16.7 (VS2019)

END.
